 time curl -v -L https://scala-ci.typesafe.com/artifactory/scala-pr-validation-snapshots/org/scala-lang/scala-library/2.13.0-pre-9291e12-SNAPSHOT/scala-library-2.13.0-pre-9291e12-20180322.180947-1.jar -o /tmp/test.jar
  % Total    % Received % Xferd  Average Speed   Time    Time     Time  Current
                                 Dload  Upload   Total   Spent    Left  Speed
  0     0    0     0    0     0      0      0 --:--:-- --:--:-- --:--:--     0*   Trying 54.67.111.226...
* TCP_NODELAY set
* Connected to scala-ci.typesafe.com (54.67.111.226) port 443 (#0)
* ALPN, offering h2
* ALPN, offering http/1.1
* Cipher selection: ALL:!EXPORT:!EXPORT40:!EXPORT56:!aNULL:!LOW:!RC4:@STRENGTH
* successfully set certificate verify locations:
*   CAfile: /etc/ssl/cert.pem
  CApath: none
* TLSv1.2 (OUT), TLS handshake, Client hello (1):
} [512 bytes data]
* TLSv1.2 (IN), TLS handshake, Server hello (2):
{ [104 bytes data]
* TLSv1.2 (IN), TLS handshake, Certificate (11):
{ [4347 bytes data]
* TLSv1.2 (IN), TLS handshake, Server key exchange (12):
{ [333 bytes data]
* TLSv1.2 (IN), TLS handshake, Server finished (14):
{ [4 bytes data]
* TLSv1.2 (OUT), TLS handshake, Client key exchange (16):
} [70 bytes data]
* TLSv1.2 (OUT), TLS change cipher, Client hello (1):
} [1 bytes data]
* TLSv1.2 (OUT), TLS handshake, Finished (20):
} [16 bytes data]
  0     0    0     0    0     0      0      0 --:--:-- --:--:-- --:--:--     0* TLSv1.2 (IN), TLS change cipher, Client hello (1):
{ [1 bytes data]
* TLSv1.2 (IN), TLS handshake, Finished (20):
{ [16 bytes data]
* SSL connection using TLSv1.2 / ECDHE-RSA-AES128-GCM-SHA256
* ALPN, server accepted to use http/1.1
* Server certificate:
*  subject: OU=Domain Control Validated; OU=PositiveSSL; CN=scala-ci.typesafe.com
*  start date: Dec  1 00:00:00 2015 GMT
*  expire date: Jan 12 23:59:59 2019 GMT
*  subjectAltName: host "scala-ci.typesafe.com" matched cert's "scala-ci.typesafe.com"
*  issuer: C=GB; ST=Greater Manchester; L=Salford; O=COMODO CA Limited; CN=COMODO RSA Domain Validation Secure Server CA
*  SSL certificate verify ok.
> GET /artifactory/scala-pr-validation-snapshots/org/scala-lang/scala-library/2.13.0-pre-9291e12-SNAPSHOT/scala-library-2.13.0-pre-9291e12-20180322.180947-1.jar HTTP/1.1
> Host: scala-ci.typesafe.com
> User-Agent: curl/7.54.0
> Accept: */*
>
< HTTP/1.1 200 OK
< Server: nginx/1.10.3
< Date: Mon, 26 Mar 2018 05:53:43 GMT
< Content-Type: application/java-archive
< Content-Length: 4224646
< Connection: keep-alive
< X-Artifactory-Id: 6c0100579818e26b:-47e640c3:162242a01a7:-8000
< Last-Modified: Thu, 22 Mar 2018 18:11:12 GMT
< ETag: dcf94ee0752db87ec553821c9443e64701b3e2c9
< X-Checksum-Sha1: dcf94ee0752db87ec553821c9443e64701b3e2c9
< X-Checksum-Sha256: a4f0e8cb56c9aeaede6d2f3593cc558f15a77dba7dc1b793c454440a6d68ddb7
< X-Checksum-Md5: 84896673f3ed0a5cddbae74ed34d03c1
< Accept-Ranges: bytes
< X-Artifactory-Filename: scala-library-2.13.0-pre-9291e12-20180322.180947-1.jar
< Content-Disposition: attachment; filename="scala-library-2.13.0-pre-9291e12-20180322.180947-1.jar"; filename*=UTF-8''scala-library-2.13.0-pre-9291e12-20180322.180947-1.jar
< Strict-Transport-Security: max-age=31536000; includeSubdomains;
< X-Content-Type-Options: nosniff
< X-XSS-Protection: 1; mode=block
<
{ [3302 bytes data]
100 4125k  100 4125k    0     0   468k      0  0:00:08  0:00:08 --:--:--  712k
* Connection #0 to host scala-ci.typesafe.com left intact

real	0m8.816s
user	0m0.129s
sys	0m0.073s